<?xml version="1.0" encoding="UTF-8"?>
<!-- Generated by org.testng.reporters.JUnitXMLReporter -->
<testsuite ignored="0" hostname="ICS-LTP-VELSEL" failures="1" tests="3" name="Test" time="66.936" errors="0" timestamp="2024-01-09T10:04:29 NZDT">
  <testcase classname="testCases.TC_001_OrangeDemoLoginPageTest" name="verify_orangehrmaccount_login" time="4.873"/>
  <testcase classname="testCases.TC_002_addemployee" name="verify_addemployee" time="11.964"/>
  <testcase classname="testCases.TC_003_searchemployee" name="verify_search_customer" time="25.338">
    <failure type="java.lang.AssertionError" message="null">
      <![CDATA[java.lang.AssertionError: null
at testCases.TC_003_searchemployee.verify_search_customer(TC_003_searchemployee.java:37)
at java.base/java.util.ArrayList.forEach(ArrayList.java:1511)
... Removed 27 stack frames]]>
    </failure>
  </testcase> <!-- verify_search_customer -->
</testsuite> <!-- Test -->
