<?xml version="1.0" encoding="UTF-8"?>
<!-- Generated by org.testng.reporters.JUnitXMLReporter -->
<testsuite ignored="0" hostname="ICS-LTP-VELSEL" failures="0" tests="3" name="Test" time="64.011" errors="0" timestamp="2024-01-08T19:11:06 NZDT">
  <testcase classname="testCases.TC_001_OrangeDemoLoginPageTest" name="verify_orangehrmaccount_login" time="7.907"/>
  <testcase classname="testCases.TC_002_addemployee" name="verify_addemployee" time="12.603"/>
  <testcase classname="testCases.TC_003_searchemployee" name="verify_search_customer" time="15.504"/>
</testsuite> <!-- Test -->
