<?xml version="1.0" encoding="UTF-8"?>
<testng-results ignored="0" total="2" passed="2" failed="0" skipped="0">
  <reporter-output>
  </reporter-output>
  <suite started-at="2024-01-07T00:07:46 NZDT" name="Suite" finished-at="2024-01-07T00:08:22 NZDT" duration-ms="36288">
    <groups>
      <group name="sanity">
        <method signature="TC_001_OrangeDemoLoginPageTest.verify_orangehrmaccount_login()[pri:0, instance:testCases.TC_001_OrangeDemoLoginPageTest@45752059]" name="verify_orangehrmaccount_login" class="testCases.TC_001_OrangeDemoLoginPageTest"/>
        <method signature="TC_002_addemployee.verify_addemployee()[pri:0, instance:testCases.TC_002_addemployee@6025e1b6]" name="verify_addemployee" class="testCases.TC_002_addemployee"/>
      </group> <!-- sanity -->
    </groups>
    <test started-at="2024-01-07T00:07:46 NZDT" name="Test" finished-at="2024-01-07T00:08:22 NZDT" duration-ms="36288">
      <class name="testCases.TC_002_addemployee">
        <test-method is-config="true" signature="setup(java.lang.String,java.lang.String)[pri:0, instance:testCases.TC_002_addemployee@6025e1b6]" started-at="2024-01-07T00:08:03 NZDT" name="setup" finished-at="2024-01-07T00:08:09 NZDT" duration-ms="6489" status="PASS">
          <params>
            <param index="0">
              <value>
                <![CDATA[windows]]>
              </value>
            </param>
            <param index="1">
              <value>
                <![CDATA[chrome]]>
              </value>
            </param>
          </params>
          <reporter-output>
          </reporter-output>
        </test-method> <!-- setup -->
        <test-method signature="verify_addemployee()[pri:0, instance:testCases.TC_002_addemployee@6025e1b6]" started-at="2024-01-07T00:08:09 NZDT" name="verify_addemployee" finished-at="2024-01-07T00:08:21 NZDT" duration-ms="12120" status="PASS">
          <reporter-output>
          </reporter-output>
        </test-method> <!-- verify_addemployee -->
        <test-method is-config="true" signature="tearDown()[pri:0, instance:testCases.TC_002_addemployee@6025e1b6]" started-at="2024-01-07T00:08:21 NZDT" name="tearDown" finished-at="2024-01-07T00:08:22 NZDT" duration-ms="335" status="PASS">
          <reporter-output>
          </reporter-output>
        </test-method> <!-- tearDown -->
      </class> <!-- testCases.TC_002_addemployee -->
      <class name="testCases.TC_001_OrangeDemoLoginPageTest">
        <test-method is-config="true" signature="setup(java.lang.String,java.lang.String)[pri:0, instance:testCases.TC_001_OrangeDemoLoginPageTest@45752059]" started-at="2024-01-07T00:07:46 NZDT" name="setup" finished-at="2024-01-07T00:07:56 NZDT" duration-ms="10219" status="PASS">
          <params>
            <param index="0">
              <value>
                <![CDATA[windows]]>
              </value>
            </param>
            <param index="1">
              <value>
                <![CDATA[chrome]]>
              </value>
            </param>
          </params>
          <reporter-output>
          </reporter-output>
        </test-method> <!-- setup -->
        <test-method signature="verify_orangehrmaccount_login()[pri:0, instance:testCases.TC_001_OrangeDemoLoginPageTest@45752059]" started-at="2024-01-07T00:07:56 NZDT" name="verify_orangehrmaccount_login" finished-at="2024-01-07T00:08:03 NZDT" duration-ms="6110" status="PASS">
          <reporter-output>
          </reporter-output>
        </test-method> <!-- verify_orangehrmaccount_login -->
        <test-method is-config="true" signature="tearDown()[pri:0, instance:testCases.TC_001_OrangeDemoLoginPageTest@45752059]" started-at="2024-01-07T00:08:03 NZDT" name="tearDown" finished-at="2024-01-07T00:08:03 NZDT" duration-ms="311" status="PASS">
          <reporter-output>
          </reporter-output>
        </test-method> <!-- tearDown -->
      </class> <!-- testCases.TC_001_OrangeDemoLoginPageTest -->
    </test> <!-- Test -->
  </suite> <!-- Suite -->
</testng-results>
